<?xml version="1.0" encoding="UTF-8"?>
<robot generator="Robot 6.1.1 (Python 3.10.12 on linux)" generated="20231116 15:44:09.735" rpa="false" schemaversion="4">
<suite id="s1" name="Tests" source="/home/ad/lxhome/a/ainkeri/Linux/palautusrepositorio/viikko3/login-robot/src/tests">
<suite id="s1-s1" name="Login" source="/home/ad/lxhome/a/ainkeri/Linux/palautusrepositorio/viikko3/login-robot/src/tests/login.robot">
<test id="s1-s1-t1" name="Login With Correct Credentials" line="6">
<kw name="Create User And Input Login Command" type="SETUP">
<kw name="Create User" library="AppLibrary">
<arg>kalle</arg>
<arg>kalle123</arg>
<status status="PASS" starttime="20231116 15:44:09.775" endtime="20231116 15:44:09.776"/>
</kw>
<kw name="Input Login Command" library="resource">
<kw name="Input" library="AppLibrary">
<arg>login</arg>
<status status="PASS" starttime="20231116 15:44:09.776" endtime="20231116 15:44:09.776"/>
</kw>
<status status="PASS" starttime="20231116 15:44:09.776" endtime="20231116 15:44:09.776"/>
</kw>
<status status="PASS" starttime="20231116 15:44:09.775" endtime="20231116 15:44:09.776"/>
</kw>
<kw name="Input Credentials" library="resource">
<arg>kalle</arg>
<arg>kalle123</arg>
<kw name="Input" library="AppLibrary">
<arg>${username}</arg>
<status status="PASS" starttime="20231116 15:44:09.777" endtime="20231116 15:44:09.777"/>
</kw>
<kw name="Input" library="AppLibrary">
<arg>${password}</arg>
<status status="PASS" starttime="20231116 15:44:09.777" endtime="20231116 15:44:09.777"/>
</kw>
<kw name="Run Application" library="AppLibrary">
<status status="PASS" starttime="20231116 15:44:09.777" endtime="20231116 15:44:09.777"/>
</kw>
<status status="PASS" starttime="20231116 15:44:09.776" endtime="20231116 15:44:09.777"/>
</kw>
<kw name="Output Should Contain" library="AppLibrary">
<arg>Logged in</arg>
<status status="PASS" starttime="20231116 15:44:09.777" endtime="20231116 15:44:09.778"/>
</kw>
<status status="PASS" starttime="20231116 15:44:09.775" endtime="20231116 15:44:09.778"/>
</test>
<test id="s1-s1-t2" name="Login With Incorrect Password" line="10">
<kw name="Create User And Input Login Command" type="SETUP">
<kw name="Create User" library="AppLibrary">
<arg>kalle</arg>
<arg>kalle123</arg>
<status status="PASS" starttime="20231116 15:44:09.779" endtime="20231116 15:44:09.779"/>
</kw>
<kw name="Input Login Command" library="resource">
<kw name="Input" library="AppLibrary">
<arg>login</arg>
<status status="PASS" starttime="20231116 15:44:09.779" endtime="20231116 15:44:09.779"/>
</kw>
<status status="PASS" starttime="20231116 15:44:09.779" endtime="20231116 15:44:09.779"/>
</kw>
<status status="PASS" starttime="20231116 15:44:09.778" endtime="20231116 15:44:09.779"/>
</kw>
<kw name="Input Credentials" library="resource">
<arg>kalle</arg>
<arg>kalle456</arg>
<kw name="Input" library="AppLibrary">
<arg>${username}</arg>
<status status="PASS" starttime="20231116 15:44:09.780" endtime="20231116 15:44:09.780"/>
</kw>
<kw name="Input" library="AppLibrary">
<arg>${password}</arg>
<status status="PASS" starttime="20231116 15:44:09.780" endtime="20231116 15:44:09.780"/>
</kw>
<kw name="Run Application" library="AppLibrary">
<status status="PASS" starttime="20231116 15:44:09.780" endtime="20231116 15:44:09.780"/>
</kw>
<status status="PASS" starttime="20231116 15:44:09.779" endtime="20231116 15:44:09.780"/>
</kw>
<kw name="Output Should Contain" library="AppLibrary">
<arg>Invalid username or password</arg>
<status status="PASS" starttime="20231116 15:44:09.780" endtime="20231116 15:44:09.780"/>
</kw>
<status status="PASS" starttime="20231116 15:44:09.778" endtime="20231116 15:44:09.781"/>
</test>
<test id="s1-s1-t3" name="Login With Nonexistent Username" line="14">
<kw name="Create User And Input Login Command" type="SETUP">
<kw name="Create User" library="AppLibrary">
<arg>kalle</arg>
<arg>kalle123</arg>
<status status="PASS" starttime="20231116 15:44:09.781" endtime="20231116 15:44:09.782"/>
</kw>
<kw name="Input Login Command" library="resource">
<kw name="Input" library="AppLibrary">
<arg>login</arg>
<status status="PASS" starttime="20231116 15:44:09.782" endtime="20231116 15:44:09.782"/>
</kw>
<status status="PASS" starttime="20231116 15:44:09.782" endtime="20231116 15:44:09.782"/>
</kw>
<status status="PASS" starttime="20231116 15:44:09.781" endtime="20231116 15:44:09.782"/>
</kw>
<kw name="Input Credentials" library="resource">
<arg>calle</arg>
<arg>kalle456</arg>
<kw name="Input" library="AppLibrary">
<arg>${username}</arg>
<status status="PASS" starttime="20231116 15:44:09.782" endtime="20231116 15:44:09.782"/>
</kw>
<kw name="Input" library="AppLibrary">
<arg>${password}</arg>
<status status="PASS" starttime="20231116 15:44:09.782" endtime="20231116 15:44:09.783"/>
</kw>
<kw name="Run Application" library="AppLibrary">
<status status="PASS" starttime="20231116 15:44:09.783" endtime="20231116 15:44:09.783"/>
</kw>
<status status="PASS" starttime="20231116 15:44:09.782" endtime="20231116 15:44:09.783"/>
</kw>
<kw name="Output Should Contain" library="AppLibrary">
<arg>Invalid username or password</arg>
<status status="PASS" starttime="20231116 15:44:09.783" endtime="20231116 15:44:09.783"/>
</kw>
<status status="PASS" starttime="20231116 15:44:09.781" endtime="20231116 15:44:09.783"/>
</test>
<status status="PASS" starttime="20231116 15:44:09.761" endtime="20231116 15:44:09.784"/>
</suite>
<suite id="s1-s2" name="Register" source="/home/ad/lxhome/a/ainkeri/Linux/palautusrepositorio/viikko3/login-robot/src/tests/register.robot">
<test id="s1-s2-t1" name="Register With Valid Username And Password" line="6">
<kw name="Input New Command And Create User" type="SETUP">
<kw name="Create User" library="AppLibrary">
<arg>kalle</arg>
<arg>kalle123</arg>
<status status="PASS" starttime="20231116 15:44:09.787" endtime="20231116 15:44:09.787"/>
</kw>
<kw name="Input New Command" library="resource">
<kw name="Input" library="AppLibrary">
<arg>new</arg>
<status status="PASS" starttime="20231116 15:44:09.787" endtime="20231116 15:44:09.787"/>
</kw>
<status status="PASS" starttime="20231116 15:44:09.787" endtime="20231116 15:44:09.787"/>
</kw>
<status status="PASS" starttime="20231116 15:44:09.787" endtime="20231116 15:44:09.787"/>
</kw>
<kw name="Input Credentials" library="resource">
<arg>maija</arg>
<arg>maija123</arg>
<kw name="Input" library="AppLibrary">
<arg>${username}</arg>
<status status="PASS" starttime="20231116 15:44:09.788" endtime="20231116 15:44:09.788"/>
</kw>
<kw name="Input" library="AppLibrary">
<arg>${password}</arg>
<status status="PASS" starttime="20231116 15:44:09.788" endtime="20231116 15:44:09.788"/>
</kw>
<kw name="Run Application" library="AppLibrary">
<status status="PASS" starttime="20231116 15:44:09.788" endtime="20231116 15:44:09.788"/>
</kw>
<status status="PASS" starttime="20231116 15:44:09.788" endtime="20231116 15:44:09.788"/>
</kw>
<kw name="Output Should Contain" library="AppLibrary">
<arg>New user registered</arg>
<status status="PASS" starttime="20231116 15:44:09.788" endtime="20231116 15:44:09.789"/>
</kw>
<status status="PASS" starttime="20231116 15:44:09.786" endtime="20231116 15:44:09.789"/>
</test>
<test id="s1-s2-t2" name="Register With Already Taken Username And Valid Password" line="10">
<kw name="Input New Command And Create User" type="SETUP">
<kw name="Create User" library="AppLibrary">
<arg>kalle</arg>
<arg>kalle123</arg>
<status status="PASS" starttime="20231116 15:44:09.790" endtime="20231116 15:44:09.790"/>
</kw>
<kw name="Input New Command" library="resource">
<kw name="Input" library="AppLibrary">
<arg>new</arg>
<status status="PASS" starttime="20231116 15:44:09.790" endtime="20231116 15:44:09.790"/>
</kw>
<status status="PASS" starttime="20231116 15:44:09.790" endtime="20231116 15:44:09.790"/>
</kw>
<status status="PASS" starttime="20231116 15:44:09.789" endtime="20231116 15:44:09.790"/>
</kw>
<kw name="Input Credentials" library="resource">
<arg>kalle</arg>
<arg>salasana123</arg>
<kw name="Input" library="AppLibrary">
<arg>${username}</arg>
<status status="PASS" starttime="20231116 15:44:09.790" endtime="20231116 15:44:09.791"/>
</kw>
<kw name="Input" library="AppLibrary">
<arg>${password}</arg>
<status status="PASS" starttime="20231116 15:44:09.791" endtime="20231116 15:44:09.791"/>
</kw>
<kw name="Run Application" library="AppLibrary">
<status status="PASS" starttime="20231116 15:44:09.791" endtime="20231116 15:44:09.791"/>
</kw>
<status status="PASS" starttime="20231116 15:44:09.790" endtime="20231116 15:44:09.791"/>
</kw>
<kw name="Output Should Contain" library="AppLibrary">
<arg>User with username kalle already exists</arg>
<status status="PASS" starttime="20231116 15:44:09.791" endtime="20231116 15:44:09.791"/>
</kw>
<status status="PASS" starttime="20231116 15:44:09.789" endtime="20231116 15:44:09.791"/>
</test>
<test id="s1-s2-t3" name="Register With Too Short Username And Valid Password" line="14">
<kw name="Input New Command And Create User" type="SETUP">
<kw name="Create User" library="AppLibrary">
<arg>kalle</arg>
<arg>kalle123</arg>
<status status="PASS" starttime="20231116 15:44:09.792" endtime="20231116 15:44:09.793"/>
</kw>
<kw name="Input New Command" library="resource">
<kw name="Input" library="AppLibrary">
<arg>new</arg>
<status status="PASS" starttime="20231116 15:44:09.793" endtime="20231116 15:44:09.793"/>
</kw>
<status status="PASS" starttime="20231116 15:44:09.793" endtime="20231116 15:44:09.793"/>
</kw>
<status status="PASS" starttime="20231116 15:44:09.792" endtime="20231116 15:44:09.793"/>
</kw>
<kw name="Input Credentials" library="resource">
<arg>a</arg>
<arg>password123</arg>
<kw name="Input" library="AppLibrary">
<arg>${username}</arg>
<status status="PASS" starttime="20231116 15:44:09.793" endtime="20231116 15:44:09.793"/>
</kw>
<kw name="Input" library="AppLibrary">
<arg>${password}</arg>
<status status="PASS" starttime="20231116 15:44:09.794" endtime="20231116 15:44:09.794"/>
</kw>
<kw name="Run Application" library="AppLibrary">
<status status="PASS" starttime="20231116 15:44:09.794" endtime="20231116 15:44:09.794"/>
</kw>
<status status="PASS" starttime="20231116 15:44:09.793" endtime="20231116 15:44:09.794"/>
</kw>
<kw name="Output Should Contain" library="AppLibrary">
<arg>Username length should be at least 3 characters</arg>
<status status="PASS" starttime="20231116 15:44:09.794" endtime="20231116 15:44:09.794"/>
</kw>
<status status="PASS" starttime="20231116 15:44:09.792" endtime="20231116 15:44:09.794"/>
</test>
<test id="s1-s2-t4" name="Register With Enough Long But Invalid Username And Valid Password" line="18">
<kw name="Input New Command And Create User" type="SETUP">
<kw name="Create User" library="AppLibrary">
<arg>kalle</arg>
<arg>kalle123</arg>
<status status="PASS" starttime="20231116 15:44:09.795" endtime="20231116 15:44:09.795"/>
</kw>
<kw name="Input New Command" library="resource">
<kw name="Input" library="AppLibrary">
<arg>new</arg>
<status status="PASS" starttime="20231116 15:44:09.795" endtime="20231116 15:44:09.796"/>
</kw>
<status status="PASS" starttime="20231116 15:44:09.795" endtime="20231116 15:44:09.796"/>
</kw>
<status status="PASS" starttime="20231116 15:44:09.795" endtime="20231116 15:44:09.796"/>
</kw>
<kw name="Input Credentials" library="resource">
<arg>äääää</arg>
<arg>password123</arg>
<kw name="Input" library="AppLibrary">
<arg>${username}</arg>
<status status="PASS" starttime="20231116 15:44:09.796" endtime="20231116 15:44:09.796"/>
</kw>
<kw name="Input" library="AppLibrary">
<arg>${password}</arg>
<status status="PASS" starttime="20231116 15:44:09.796" endtime="20231116 15:44:09.796"/>
</kw>
<kw name="Run Application" library="AppLibrary">
<status status="PASS" starttime="20231116 15:44:09.796" endtime="20231116 15:44:09.796"/>
</kw>
<status status="PASS" starttime="20231116 15:44:09.796" endtime="20231116 15:44:09.796"/>
</kw>
<kw name="Output Should Contain" library="AppLibrary">
<arg>Username should consist of letters ^[a-z]+$</arg>
<status status="PASS" starttime="20231116 15:44:09.797" endtime="20231116 15:44:09.797"/>
</kw>
<status status="PASS" starttime="20231116 15:44:09.795" endtime="20231116 15:44:09.797"/>
</test>
<test id="s1-s2-t5" name="Register With Valid Username And Too Short Password" line="22">
<kw name="Input New Command And Create User" type="SETUP">
<kw name="Create User" library="AppLibrary">
<arg>kalle</arg>
<arg>kalle123</arg>
<status status="PASS" starttime="20231116 15:44:09.798" endtime="20231116 15:44:09.798"/>
</kw>
<kw name="Input New Command" library="resource">
<kw name="Input" library="AppLibrary">
<arg>new</arg>
<status status="PASS" starttime="20231116 15:44:09.798" endtime="20231116 15:44:09.798"/>
</kw>
<status status="PASS" starttime="20231116 15:44:09.798" endtime="20231116 15:44:09.798"/>
</kw>
<status status="PASS" starttime="20231116 15:44:09.798" endtime="20231116 15:44:09.798"/>
</kw>
<kw name="Input Credentials" library="resource">
<arg>heikki</arg>
<arg>k</arg>
<kw name="Input" library="AppLibrary">
<arg>${username}</arg>
<status status="PASS" starttime="20231116 15:44:09.799" endtime="20231116 15:44:09.799"/>
</kw>
<kw name="Input" library="AppLibrary">
<arg>${password}</arg>
<status status="PASS" starttime="20231116 15:44:09.799" endtime="20231116 15:44:09.799"/>
</kw>
<kw name="Run Application" library="AppLibrary">
<status status="PASS" starttime="20231116 15:44:09.799" endtime="20231116 15:44:09.799"/>
</kw>
<status status="PASS" starttime="20231116 15:44:09.799" endtime="20231116 15:44:09.799"/>
</kw>
<kw name="Output Should Contain" library="AppLibrary">
<arg>Password should be at least 8 characters</arg>
<status status="PASS" starttime="20231116 15:44:09.799" endtime="20231116 15:44:09.799"/>
</kw>
<status status="PASS" starttime="20231116 15:44:09.797" endtime="20231116 15:44:09.800"/>
</test>
<test id="s1-s2-t6" name="Register With Valid Username And Long Enough Password Containing Only Letters" line="26">
<kw name="Input New Command And Create User" type="SETUP">
<kw name="Create User" library="AppLibrary">
<arg>kalle</arg>
<arg>kalle123</arg>
<status status="PASS" starttime="20231116 15:44:09.800" endtime="20231116 15:44:09.801"/>
</kw>
<kw name="Input New Command" library="resource">
<kw name="Input" library="AppLibrary">
<arg>new</arg>
<status status="PASS" starttime="20231116 15:44:09.801" endtime="20231116 15:44:09.801"/>
</kw>
<status status="PASS" starttime="20231116 15:44:09.801" endtime="20231116 15:44:09.801"/>
</kw>
<status status="PASS" starttime="20231116 15:44:09.800" endtime="20231116 15:44:09.801"/>
</kw>
<kw name="Input Credentials" library="resource">
<arg>lotta</arg>
<arg>kahdeksan</arg>
<kw name="Input" library="AppLibrary">
<arg>${username}</arg>
<status status="PASS" starttime="20231116 15:44:09.801" endtime="20231116 15:44:09.802"/>
</kw>
<kw name="Input" library="AppLibrary">
<arg>${password}</arg>
<status status="PASS" starttime="20231116 15:44:09.802" endtime="20231116 15:44:09.802"/>
</kw>
<kw name="Run Application" library="AppLibrary">
<status status="PASS" starttime="20231116 15:44:09.802" endtime="20231116 15:44:09.802"/>
</kw>
<status status="PASS" starttime="20231116 15:44:09.801" endtime="20231116 15:44:09.802"/>
</kw>
<kw name="Output Should Contain" library="AppLibrary">
<arg>Password must include numbers</arg>
<status status="PASS" starttime="20231116 15:44:09.802" endtime="20231116 15:44:09.802"/>
</kw>
<status status="PASS" starttime="20231116 15:44:09.800" endtime="20231116 15:44:09.802"/>
</test>
<status status="PASS" starttime="20231116 15:44:09.784" endtime="20231116 15:44:09.803"/>
</suite>
<status status="PASS" starttime="20231116 15:44:09.735" endtime="20231116 15:44:09.804"/>
</suite>
<statistics>
<total>
<stat pass="9" fail="0" skip="0">All Tests</stat>
</total>
<tag>
</tag>
<suite>
<stat pass="9" fail="0" skip="0" id="s1" name="Tests">Tests</stat>
<stat pass="3" fail="0" skip="0" id="s1-s1" name="Login">Tests.Login</stat>
<stat pass="6" fail="0" skip="0" id="s1-s2" name="Register">Tests.Register</stat>
</suite>
</statistics>
<errors>
</errors>
</robot>
