<?xml version="1.0" encoding="UTF-8"?>
<robot generator="Robot 6.1.1 (Python 3.10.12 on linux)" generated="20231115 19:24:07.426" rpa="false" schemaversion="4">
<suite id="s1" name="Tests" source="/home/ad/lxhome/a/ainkeri/Linux/palautusrepositorio/viikko3/login-robot/src/tests">
<suite id="s1-s1" name="Login" source="/home/ad/lxhome/a/ainkeri/Linux/palautusrepositorio/viikko3/login-robot/src/tests/login.robot">
<test id="s1-s1-t1" name="Login With Correct Credentials" line="6">
<kw name="Create User And Input Login Command" type="SETUP">
<kw name="Create User" library="AppLibrary">
<arg>kalle</arg>
<arg>kalle123</arg>
<status status="PASS" starttime="20231115 19:24:07.470" endtime="20231115 19:24:07.470"/>
</kw>
<kw name="Input Login Command" library="resource">
<kw name="Input" library="AppLibrary">
<arg>login</arg>
<status status="PASS" starttime="20231115 19:24:07.470" endtime="20231115 19:24:07.470"/>
</kw>
<status status="PASS" starttime="20231115 19:24:07.470" endtime="20231115 19:24:07.470"/>
</kw>
<status status="PASS" starttime="20231115 19:24:07.469" endtime="20231115 19:24:07.470"/>
</kw>
<kw name="Input Credentials" library="resource">
<arg>kalle</arg>
<arg>kalle123</arg>
<kw name="Input" library="AppLibrary">
<arg>${username}</arg>
<status status="PASS" starttime="20231115 19:24:07.471" endtime="20231115 19:24:07.471"/>
</kw>
<kw name="Input" library="AppLibrary">
<arg>${password}</arg>
<status status="PASS" starttime="20231115 19:24:07.471" endtime="20231115 19:24:07.471"/>
</kw>
<kw name="Run Application" library="AppLibrary">
<status status="PASS" starttime="20231115 19:24:07.471" endtime="20231115 19:24:07.471"/>
</kw>
<status status="PASS" starttime="20231115 19:24:07.470" endtime="20231115 19:24:07.471"/>
</kw>
<kw name="Output Should Contain" library="AppLibrary">
<arg>Logged in</arg>
<status status="PASS" starttime="20231115 19:24:07.471" endtime="20231115 19:24:07.472"/>
</kw>
<status status="PASS" starttime="20231115 19:24:07.469" endtime="20231115 19:24:07.472"/>
</test>
<test id="s1-s1-t2" name="Login With Incorrect Password" line="10">
<kw name="Create User And Input Login Command" type="SETUP">
<kw name="Create User" library="AppLibrary">
<arg>kalle</arg>
<arg>kalle123</arg>
<status status="PASS" starttime="20231115 19:24:07.473" endtime="20231115 19:24:07.473"/>
</kw>
<kw name="Input Login Command" library="resource">
<kw name="Input" library="AppLibrary">
<arg>login</arg>
<status status="PASS" starttime="20231115 19:24:07.474" endtime="20231115 19:24:07.474"/>
</kw>
<status status="PASS" starttime="20231115 19:24:07.473" endtime="20231115 19:24:07.474"/>
</kw>
<status status="PASS" starttime="20231115 19:24:07.473" endtime="20231115 19:24:07.474"/>
</kw>
<kw name="Input Credentials" library="resource">
<arg>kalle</arg>
<arg>kalle456</arg>
<kw name="Input" library="AppLibrary">
<arg>${username}</arg>
<status status="PASS" starttime="20231115 19:24:07.474" endtime="20231115 19:24:07.474"/>
</kw>
<kw name="Input" library="AppLibrary">
<arg>${password}</arg>
<status status="PASS" starttime="20231115 19:24:07.474" endtime="20231115 19:24:07.475"/>
</kw>
<kw name="Run Application" library="AppLibrary">
<status status="PASS" starttime="20231115 19:24:07.475" endtime="20231115 19:24:07.475"/>
</kw>
<status status="PASS" starttime="20231115 19:24:07.474" endtime="20231115 19:24:07.475"/>
</kw>
<kw name="Output Should Contain" library="AppLibrary">
<arg>Invalid username or password</arg>
<status status="PASS" starttime="20231115 19:24:07.475" endtime="20231115 19:24:07.475"/>
</kw>
<status status="PASS" starttime="20231115 19:24:07.472" endtime="20231115 19:24:07.475"/>
</test>
<test id="s1-s1-t3" name="Login With Nonexistent Username" line="14">
<kw name="Create User And Input Login Command" type="SETUP">
<kw name="Create User" library="AppLibrary">
<arg>kalle</arg>
<arg>kalle123</arg>
<status status="PASS" starttime="20231115 19:24:07.476" endtime="20231115 19:24:07.476"/>
</kw>
<kw name="Input Login Command" library="resource">
<kw name="Input" library="AppLibrary">
<arg>login</arg>
<status status="PASS" starttime="20231115 19:24:07.476" endtime="20231115 19:24:07.476"/>
</kw>
<status status="PASS" starttime="20231115 19:24:07.476" endtime="20231115 19:24:07.476"/>
</kw>
<status status="PASS" starttime="20231115 19:24:07.476" endtime="20231115 19:24:07.476"/>
</kw>
<kw name="Input Credentials" library="resource">
<arg>calle</arg>
<arg>kalle456</arg>
<kw name="Input" library="AppLibrary">
<arg>${username}</arg>
<status status="PASS" starttime="20231115 19:24:07.478" endtime="20231115 19:24:07.478"/>
</kw>
<kw name="Input" library="AppLibrary">
<arg>${password}</arg>
<status status="PASS" starttime="20231115 19:24:07.478" endtime="20231115 19:24:07.478"/>
</kw>
<kw name="Run Application" library="AppLibrary">
<status status="PASS" starttime="20231115 19:24:07.479" endtime="20231115 19:24:07.479"/>
</kw>
<status status="PASS" starttime="20231115 19:24:07.476" endtime="20231115 19:24:07.479"/>
</kw>
<kw name="Output Should Contain" library="AppLibrary">
<arg>Invalid username or password</arg>
<status status="PASS" starttime="20231115 19:24:07.479" endtime="20231115 19:24:07.479"/>
</kw>
<status status="PASS" starttime="20231115 19:24:07.475" endtime="20231115 19:24:07.479"/>
</test>
<status status="PASS" starttime="20231115 19:24:07.453" endtime="20231115 19:24:07.479"/>
</suite>
<status status="PASS" starttime="20231115 19:24:07.427" endtime="20231115 19:24:07.480"/>
</suite>
<statistics>
<total>
<stat pass="3" fail="0" skip="0">All Tests</stat>
</total>
<tag>
</tag>
<suite>
<stat pass="3" fail="0" skip="0" id="s1" name="Tests">Tests</stat>
<stat pass="3" fail="0" skip="0" id="s1-s1" name="Login">Tests.Login</stat>
</suite>
</statistics>
<errors>
</errors>
</robot>
