<?xml version="1.0" encoding="UTF-8"?>
<robot generator="Robot 6.1.1 (Python 3.10.12 on linux)" generated="20231117 17:05:06.275" rpa="false" schemaversion="4">
<suite id="s1" name="Register" source="/home/ainkeri/palautusrepositorio/viikko3/web-login/src/tests/register.robot">
<kw name="Open And Configure Browser" library="resource" type="SETUP">
<kw name="Evaluate" library="BuiltIn">
<var>${options}</var>
<arg>sys.modules['selenium.webdriver'].ChromeOptions()</arg>
<arg>sys</arg>
<doc>Evaluates the given expression in Python and returns the result.</doc>
<msg timestamp="20231117 17:05:06.412" level="INFO">${options} = &lt;selenium.webdriver.chrome.options.Options object at 0x7f3e43f278e0&gt;</msg>
<status status="PASS" starttime="20231117 17:05:06.411" endtime="20231117 17:05:06.412"/>
</kw>
<kw name="Call Method" library="BuiltIn">
<arg>${options}</arg>
<arg>add_argument</arg>
<arg>--no-sandbox</arg>
<doc>Calls the named method of the given object with the provided arguments.</doc>
<status status="PASS" starttime="20231117 17:05:06.412" endtime="20231117 17:05:06.412"/>
</kw>
<kw name="Open Browser" library="SeleniumLibrary">
<arg>browser=chrome</arg>
<arg>options=${options}</arg>
<doc>Opens a new browser instance to the optional ``url``.</doc>
<msg timestamp="20231117 17:05:06.413" level="INFO">Opening browser 'chrome' to base url 'None'.</msg>
<status status="PASS" starttime="20231117 17:05:06.412" endtime="20231117 17:05:07.857"/>
</kw>
<kw name="Set Selenium Speed" library="SeleniumLibrary">
<arg>${DELAY}</arg>
<doc>Sets the delay that is waited after each Selenium command.</doc>
<status status="PASS" starttime="20231117 17:05:07.857" endtime="20231117 17:05:07.858"/>
</kw>
<status status="PASS" starttime="20231117 17:05:06.411" endtime="20231117 17:05:07.858"/>
</kw>
<test id="s1-t1" name="Register With Valid Username And Password" line="8">
<kw name="Input New Command And Create User" type="SETUP">
<kw name="Create User" library="AppLibrary">
<arg>heikki</arg>
<arg>heikki123</arg>
<status status="PASS" starttime="20231117 17:05:07.859" endtime="20231117 17:05:07.871"/>
</kw>
<kw name="Go To Registration Page" library="resource">
<kw name="Go To" library="SeleniumLibrary">
<arg>${REGISTER_URL}</arg>
<doc>Navigates the current browser window to the provided ``url``.</doc>
<msg timestamp="20231117 17:05:07.872" level="INFO">Opening url 'http://localhost:5001/register'</msg>
<status status="PASS" starttime="20231117 17:05:07.872" endtime="20231117 17:05:08.075"/>
</kw>
<status status="PASS" starttime="20231117 17:05:07.871" endtime="20231117 17:05:08.075"/>
</kw>
<kw name="Register Page Should Be Open" library="resource">
<kw name="Title Should Be" library="SeleniumLibrary">
<arg>Register</arg>
<doc>Verifies that the current page title equals ``title``.</doc>
<msg timestamp="20231117 17:05:08.186" level="INFO">Page title is 'Register'.</msg>
<status status="PASS" starttime="20231117 17:05:08.076" endtime="20231117 17:05:08.186"/>
</kw>
<status status="PASS" starttime="20231117 17:05:08.075" endtime="20231117 17:05:08.186"/>
</kw>
<status status="PASS" starttime="20231117 17:05:07.858" endtime="20231117 17:05:08.186"/>
</kw>
<kw name="Set Username">
<arg>maija</arg>
<kw name="Input Text" library="SeleniumLibrary">
<arg>username</arg>
<arg>${username}</arg>
<doc>Types the given ``text`` into the text field identified by ``locator``.</doc>
<msg timestamp="20231117 17:05:08.188" level="INFO">Typing text 'maija' into text field 'username'.</msg>
<status status="PASS" starttime="20231117 17:05:08.187" endtime="20231117 17:05:08.636"/>
</kw>
<status status="PASS" starttime="20231117 17:05:08.187" endtime="20231117 17:05:08.637"/>
</kw>
<kw name="Set Password">
<arg>maija123</arg>
<kw name="Input Password" library="SeleniumLibrary">
<arg>password</arg>
<arg>${password}</arg>
<doc>Types the given password into the text field identified by ``locator``.</doc>
<msg timestamp="20231117 17:05:08.639" level="INFO">Typing password into text field 'password'.</msg>
<msg timestamp="20231117 17:05:08.890" level="INFO">Temporally setting log level to: NONE</msg>
<msg timestamp="20231117 17:05:09.035" level="INFO">Log level changed from NONE to INFO.</msg>
<status status="PASS" starttime="20231117 17:05:08.638" endtime="20231117 17:05:09.035"/>
</kw>
<status status="PASS" starttime="20231117 17:05:08.637" endtime="20231117 17:05:09.035"/>
</kw>
<kw name="Set Password Confirmation">
<arg>maija123</arg>
<kw name="Input Password" library="SeleniumLibrary">
<arg>password_confirmation</arg>
<arg>${password_confirmation}</arg>
<doc>Types the given password into the text field identified by ``locator``.</doc>
<msg timestamp="20231117 17:05:09.037" level="INFO">Typing password into text field 'password_confirmation'.</msg>
<msg timestamp="20231117 17:05:09.289" level="INFO">Temporally setting log level to: NONE</msg>
<msg timestamp="20231117 17:05:09.443" level="INFO">Log level changed from NONE to INFO.</msg>
<status status="PASS" starttime="20231117 17:05:09.036" endtime="20231117 17:05:09.443"/>
</kw>
<status status="PASS" starttime="20231117 17:05:09.035" endtime="20231117 17:05:09.444"/>
</kw>
<kw name="Submit Registration">
<kw name="Click Button" library="SeleniumLibrary">
<arg>Register</arg>
<doc>Clicks the button identified by ``locator``.</doc>
<msg timestamp="20231117 17:05:09.445" level="INFO">Clicking button 'Register'.</msg>
<status status="PASS" starttime="20231117 17:05:09.444" endtime="20231117 17:05:09.946"/>
</kw>
<status status="PASS" starttime="20231117 17:05:09.444" endtime="20231117 17:05:09.946"/>
</kw>
<kw name="Registration Should Succeed">
<kw name="Welcome Page Should Be Open" library="resource">
<kw name="Title Should Be" library="SeleniumLibrary">
<arg>Welcome to Ohtu Application!</arg>
<doc>Verifies that the current page title equals ``title``.</doc>
<msg timestamp="20231117 17:05:10.055" level="INFO">Page title is 'Welcome to Ohtu Application!'.</msg>
<status status="PASS" starttime="20231117 17:05:09.947" endtime="20231117 17:05:10.055"/>
</kw>
<status status="PASS" starttime="20231117 17:05:09.947" endtime="20231117 17:05:10.056"/>
</kw>
<status status="PASS" starttime="20231117 17:05:09.946" endtime="20231117 17:05:10.056"/>
</kw>
<status status="PASS" starttime="20231117 17:05:07.858" endtime="20231117 17:05:10.056"/>
</test>
<test id="s1-t2" name="Register With Too Short Username And Valid Password" line="15">
<kw name="Input New Command And Create User" type="SETUP">
<kw name="Create User" library="AppLibrary">
<arg>heikki</arg>
<arg>heikki123</arg>
<status status="PASS" starttime="20231117 17:05:10.058" endtime="20231117 17:05:10.074"/>
</kw>
<kw name="Go To Registration Page" library="resource">
<kw name="Go To" library="SeleniumLibrary">
<arg>${REGISTER_URL}</arg>
<doc>Navigates the current browser window to the provided ``url``.</doc>
<msg timestamp="20231117 17:05:10.075" level="INFO">Opening url 'http://localhost:5001/register'</msg>
<status status="PASS" starttime="20231117 17:05:10.075" endtime="20231117 17:05:10.197"/>
</kw>
<status status="PASS" starttime="20231117 17:05:10.074" endtime="20231117 17:05:10.197"/>
</kw>
<kw name="Register Page Should Be Open" library="resource">
<kw name="Title Should Be" library="SeleniumLibrary">
<arg>Register</arg>
<doc>Verifies that the current page title equals ``title``.</doc>
<msg timestamp="20231117 17:05:10.307" level="INFO">Page title is 'Register'.</msg>
<status status="PASS" starttime="20231117 17:05:10.198" endtime="20231117 17:05:10.307"/>
</kw>
<status status="PASS" starttime="20231117 17:05:10.197" endtime="20231117 17:05:10.308"/>
</kw>
<status status="PASS" starttime="20231117 17:05:10.058" endtime="20231117 17:05:10.308"/>
</kw>
<kw name="Set Username">
<arg>k</arg>
<kw name="Input Text" library="SeleniumLibrary">
<arg>username</arg>
<arg>${username}</arg>
<doc>Types the given ``text`` into the text field identified by ``locator``.</doc>
<msg timestamp="20231117 17:05:10.310" level="INFO">Typing text 'k' into text field 'username'.</msg>
<status status="PASS" starttime="20231117 17:05:10.309" endtime="20231117 17:05:10.704"/>
</kw>
<status status="PASS" starttime="20231117 17:05:10.308" endtime="20231117 17:05:10.704"/>
</kw>
<kw name="Set Password">
<arg>salasana123</arg>
<kw name="Input Password" library="SeleniumLibrary">
<arg>password</arg>
<arg>${password}</arg>
<doc>Types the given password into the text field identified by ``locator``.</doc>
<msg timestamp="20231117 17:05:10.706" level="INFO">Typing password into text field 'password'.</msg>
<msg timestamp="20231117 17:05:10.962" level="INFO">Temporally setting log level to: NONE</msg>
<msg timestamp="20231117 17:05:11.108" level="INFO">Log level changed from NONE to INFO.</msg>
<status status="PASS" starttime="20231117 17:05:10.705" endtime="20231117 17:05:11.109"/>
</kw>
<status status="PASS" starttime="20231117 17:05:10.704" endtime="20231117 17:05:11.109"/>
</kw>
<kw name="Set Password Confirmation">
<arg>salasana123</arg>
<kw name="Input Password" library="SeleniumLibrary">
<arg>password_confirmation</arg>
<arg>${password_confirmation}</arg>
<doc>Types the given password into the text field identified by ``locator``.</doc>
<msg timestamp="20231117 17:05:11.111" level="INFO">Typing password into text field 'password_confirmation'.</msg>
<msg timestamp="20231117 17:05:11.360" level="INFO">Temporally setting log level to: NONE</msg>
<msg timestamp="20231117 17:05:11.503" level="INFO">Log level changed from NONE to INFO.</msg>
<status status="PASS" starttime="20231117 17:05:11.110" endtime="20231117 17:05:11.503"/>
</kw>
<status status="PASS" starttime="20231117 17:05:11.109" endtime="20231117 17:05:11.503"/>
</kw>
<kw name="Submit Registration">
<kw name="Click Button" library="SeleniumLibrary">
<arg>Register</arg>
<doc>Clicks the button identified by ``locator``.</doc>
<msg timestamp="20231117 17:05:11.505" level="INFO">Clicking button 'Register'.</msg>
<status status="PASS" starttime="20231117 17:05:11.504" endtime="20231117 17:05:11.994"/>
</kw>
<status status="PASS" starttime="20231117 17:05:11.503" endtime="20231117 17:05:11.994"/>
</kw>
<kw name="Registration Should Fail With Message">
<arg>Username lenghth should be at least 3 characters</arg>
<kw name="Register Page Should Be Open" library="resource">
<kw name="Title Should Be" library="SeleniumLibrary">
<arg>Register</arg>
<doc>Verifies that the current page title equals ``title``.</doc>
<msg timestamp="20231117 17:05:12.104" level="INFO">Page title is 'Register'.</msg>
<status status="PASS" starttime="20231117 17:05:11.995" endtime="20231117 17:05:12.104"/>
</kw>
<status status="PASS" starttime="20231117 17:05:11.995" endtime="20231117 17:05:12.104"/>
</kw>
<kw name="Page Should Contain" library="SeleniumLibrary">
<arg>${message}</arg>
<doc>Verifies that current page contains ``text``.</doc>
<msg timestamp="20231117 17:05:12.336" level="INFO">Current page contains text 'Username lenghth should be at least 3 characters'.</msg>
<status status="PASS" starttime="20231117 17:05:12.104" endtime="20231117 17:05:12.336"/>
</kw>
<status status="PASS" starttime="20231117 17:05:11.995" endtime="20231117 17:05:12.336"/>
</kw>
<status status="PASS" starttime="20231117 17:05:10.057" endtime="20231117 17:05:12.336"/>
</test>
<test id="s1-t3" name="Register With Valid Username And Too Short Password" line="22">
<kw name="Input New Command And Create User" type="SETUP">
<kw name="Create User" library="AppLibrary">
<arg>heikki</arg>
<arg>heikki123</arg>
<status status="PASS" starttime="20231117 17:05:12.339" endtime="20231117 17:05:12.353"/>
</kw>
<kw name="Go To Registration Page" library="resource">
<kw name="Go To" library="SeleniumLibrary">
<arg>${REGISTER_URL}</arg>
<doc>Navigates the current browser window to the provided ``url``.</doc>
<msg timestamp="20231117 17:05:12.354" level="INFO">Opening url 'http://localhost:5001/register'</msg>
<status status="PASS" starttime="20231117 17:05:12.354" endtime="20231117 17:05:12.481"/>
</kw>
<status status="PASS" starttime="20231117 17:05:12.353" endtime="20231117 17:05:12.481"/>
</kw>
<kw name="Register Page Should Be Open" library="resource">
<kw name="Title Should Be" library="SeleniumLibrary">
<arg>Register</arg>
<doc>Verifies that the current page title equals ``title``.</doc>
<msg timestamp="20231117 17:05:12.589" level="INFO">Page title is 'Register'.</msg>
<status status="PASS" starttime="20231117 17:05:12.482" endtime="20231117 17:05:12.589"/>
</kw>
<status status="PASS" starttime="20231117 17:05:12.481" endtime="20231117 17:05:12.589"/>
</kw>
<status status="PASS" starttime="20231117 17:05:12.338" endtime="20231117 17:05:12.589"/>
</kw>
<kw name="Set Username">
<arg>hanna</arg>
<kw name="Input Text" library="SeleniumLibrary">
<arg>username</arg>
<arg>${username}</arg>
<doc>Types the given ``text`` into the text field identified by ``locator``.</doc>
<msg timestamp="20231117 17:05:12.591" level="INFO">Typing text 'hanna' into text field 'username'.</msg>
<status status="PASS" starttime="20231117 17:05:12.590" endtime="20231117 17:05:12.984"/>
</kw>
<status status="PASS" starttime="20231117 17:05:12.590" endtime="20231117 17:05:12.984"/>
</kw>
<kw name="Set Password">
<arg>oho123</arg>
<kw name="Input Password" library="SeleniumLibrary">
<arg>password</arg>
<arg>${password}</arg>
<doc>Types the given password into the text field identified by ``locator``.</doc>
<msg timestamp="20231117 17:05:12.986" level="INFO">Typing password into text field 'password'.</msg>
<msg timestamp="20231117 17:05:13.235" level="INFO">Temporally setting log level to: NONE</msg>
<msg timestamp="20231117 17:05:13.380" level="INFO">Log level changed from NONE to INFO.</msg>
<status status="PASS" starttime="20231117 17:05:12.985" endtime="20231117 17:05:13.381"/>
</kw>
<status status="PASS" starttime="20231117 17:05:12.984" endtime="20231117 17:05:13.381"/>
</kw>
<kw name="Set Password Confirmation">
<arg>oho123</arg>
<kw name="Input Password" library="SeleniumLibrary">
<arg>password_confirmation</arg>
<arg>${password_confirmation}</arg>
<doc>Types the given password into the text field identified by ``locator``.</doc>
<msg timestamp="20231117 17:05:13.383" level="INFO">Typing password into text field 'password_confirmation'.</msg>
<msg timestamp="20231117 17:05:13.630" level="INFO">Temporally setting log level to: NONE</msg>
<msg timestamp="20231117 17:05:13.773" level="INFO">Log level changed from NONE to INFO.</msg>
<status status="PASS" starttime="20231117 17:05:13.382" endtime="20231117 17:05:13.773"/>
</kw>
<status status="PASS" starttime="20231117 17:05:13.381" endtime="20231117 17:05:13.773"/>
</kw>
<kw name="Submit Registration">
<kw name="Click Button" library="SeleniumLibrary">
<arg>Register</arg>
<doc>Clicks the button identified by ``locator``.</doc>
<msg timestamp="20231117 17:05:13.775" level="INFO">Clicking button 'Register'.</msg>
<status status="PASS" starttime="20231117 17:05:13.774" endtime="20231117 17:05:14.256"/>
</kw>
<status status="PASS" starttime="20231117 17:05:13.774" endtime="20231117 17:05:14.256"/>
</kw>
<kw name="Registration Should Fail With Message">
<arg>Password should be at least 8 characters</arg>
<kw name="Register Page Should Be Open" library="resource">
<kw name="Title Should Be" library="SeleniumLibrary">
<arg>Register</arg>
<doc>Verifies that the current page title equals ``title``.</doc>
<msg timestamp="20231117 17:05:14.365" level="INFO">Page title is 'Register'.</msg>
<status status="PASS" starttime="20231117 17:05:14.258" endtime="20231117 17:05:14.366"/>
</kw>
<status status="PASS" starttime="20231117 17:05:14.257" endtime="20231117 17:05:14.366"/>
</kw>
<kw name="Page Should Contain" library="SeleniumLibrary">
<arg>${message}</arg>
<doc>Verifies that current page contains ``text``.</doc>
<msg timestamp="20231117 17:05:14.595" level="INFO">Current page contains text 'Password should be at least 8 characters'.</msg>
<status status="PASS" starttime="20231117 17:05:14.366" endtime="20231117 17:05:14.596"/>
</kw>
<status status="PASS" starttime="20231117 17:05:14.257" endtime="20231117 17:05:14.596"/>
</kw>
<status status="PASS" starttime="20231117 17:05:12.337" endtime="20231117 17:05:14.596"/>
</test>
<test id="s1-t4" name="Register With Valid Username And Long Enough Password Containing Only Letters" line="29">
<kw name="Input New Command And Create User" type="SETUP">
<kw name="Create User" library="AppLibrary">
<arg>heikki</arg>
<arg>heikki123</arg>
<status status="PASS" starttime="20231117 17:05:14.598" endtime="20231117 17:05:14.614"/>
</kw>
<kw name="Go To Registration Page" library="resource">
<kw name="Go To" library="SeleniumLibrary">
<arg>${REGISTER_URL}</arg>
<doc>Navigates the current browser window to the provided ``url``.</doc>
<msg timestamp="20231117 17:05:14.615" level="INFO">Opening url 'http://localhost:5001/register'</msg>
<status status="PASS" starttime="20231117 17:05:14.615" endtime="20231117 17:05:14.743"/>
</kw>
<status status="PASS" starttime="20231117 17:05:14.614" endtime="20231117 17:05:14.743"/>
</kw>
<kw name="Register Page Should Be Open" library="resource">
<kw name="Title Should Be" library="SeleniumLibrary">
<arg>Register</arg>
<doc>Verifies that the current page title equals ``title``.</doc>
<msg timestamp="20231117 17:05:14.852" level="INFO">Page title is 'Register'.</msg>
<status status="PASS" starttime="20231117 17:05:14.744" endtime="20231117 17:05:14.853"/>
</kw>
<status status="PASS" starttime="20231117 17:05:14.743" endtime="20231117 17:05:14.853"/>
</kw>
<status status="PASS" starttime="20231117 17:05:14.598" endtime="20231117 17:05:14.853"/>
</kw>
<kw name="Set Username">
<arg>kaisa</arg>
<kw name="Input Text" library="SeleniumLibrary">
<arg>username</arg>
<arg>${username}</arg>
<doc>Types the given ``text`` into the text field identified by ``locator``.</doc>
<msg timestamp="20231117 17:05:14.855" level="INFO">Typing text 'kaisa' into text field 'username'.</msg>
<status status="PASS" starttime="20231117 17:05:14.854" endtime="20231117 17:05:15.232"/>
</kw>
<status status="PASS" starttime="20231117 17:05:14.853" endtime="20231117 17:05:15.232"/>
</kw>
<kw name="Set Password">
<arg>salasana</arg>
<kw name="Input Password" library="SeleniumLibrary">
<arg>password</arg>
<arg>${password}</arg>
<doc>Types the given password into the text field identified by ``locator``.</doc>
<msg timestamp="20231117 17:05:15.234" level="INFO">Typing password into text field 'password'.</msg>
<msg timestamp="20231117 17:05:15.478" level="INFO">Temporally setting log level to: NONE</msg>
<msg timestamp="20231117 17:05:15.485" level="INFO">Log level changed from NONE to INFO.</msg>
<msg timestamp="20231117 17:05:15.492" level="WARN">Keyword 'Capture Page Screenshot' could not be run on failure: Message: no such window: target window already closed
from unknown error: web view not found
  (Session info: chrome=119.0.6045.123)
Stacktrace:
#0 0x55b236dbf533 &lt;unknown&gt;
#1 0x55b236a8c247 &lt;unknown&gt;
#2 0x55b236a60858 &lt;unknown&gt;
#3 0x55b236b0596f &lt;unknown&gt;
#4 0x55b236b1b336 &lt;unknown&gt;
#5 0x55b236afffb3 &lt;unknown&gt;
#6 0x55b236acb853 &lt;unknown&gt;
#7 0x55b236acc7fe &lt;unknown&gt;
#8 0x55b236d88aea &lt;unknown&gt;
#9 0x55b236d8d4b4 &lt;unknown&gt;
#10 0x55b236d76812 &lt;unknown&gt;
#11 0x55b236d8ded0 &lt;unknown&gt;
#12 0x55b236d5cbce &lt;unknown&gt;
#13 0x55b236dae318 &lt;unknown&gt;
#14 0x55b236dae50a &lt;unknown&gt;
#15 0x55b236dbe659 &lt;unknown&gt;
#16 0x7fc765694ac3 &lt;unknown&gt;
</msg>
<msg timestamp="20231117 17:05:15.492" level="FAIL">NoSuchWindowException: Message: no such window: target window already closed
from unknown error: web view not found
  (Session info: chrome=119.0.6045.123)
Stacktrace:
#0 0x55b236dbf533 &lt;unknown&gt;
#1 0x55b236a8c247 &lt;unknown&gt;
#2 0x55b236a60858 &lt;unknown&gt;
#3 0x55b236b0596f &lt;unknown&gt;
#4 0x55b236b1b336 &lt;unknown&gt;
#5 0x55b236afffb3 &lt;unknown&gt;
#6 0x55b236acb853 &lt;unknown&gt;
#7 0x55b236acc7fe &lt;unknown&gt;
#8 0x55b236d88aea &lt;unknown&gt;
#9 0x55b236d8d4b4 &lt;unknown&gt;
#10 0x55b236d76812 &lt;unknown&gt;
#11 0x55b236d8ded0 &lt;unknown&gt;
#12 0x55b236d5cbce &lt;unknown&gt;
#13 0x55b236dae318 &lt;unknown&gt;
#14 0x55b236dae50a &lt;unknown&gt;
#15 0x55b236dbe659 &lt;unknown&gt;
#16 0x7fc765694ac3 &lt;unknown&gt;
</msg>
<status status="FAIL" starttime="20231117 17:05:15.233" endtime="20231117 17:05:15.495"/>
</kw>
<status status="FAIL" starttime="20231117 17:05:15.233" endtime="20231117 17:05:15.496"/>
</kw>
<kw name="Set Password Confirmation">
<arg>salasana</arg>
<status status="NOT RUN" starttime="20231117 17:05:15.497" endtime="20231117 17:05:15.497"/>
</kw>
<kw name="Submit Registration">
<status status="NOT RUN" starttime="20231117 17:05:15.497" endtime="20231117 17:05:15.497"/>
</kw>
<kw name="Registration Should Fail With Message">
<arg>Password must include numbers</arg>
<status status="NOT RUN" starttime="20231117 17:05:15.497" endtime="20231117 17:05:15.498"/>
</kw>
<status status="FAIL" starttime="20231117 17:05:14.597" endtime="20231117 17:05:15.498">NoSuchWindowException: Message: no such window: target window already closed
from unknown error: web view not found
  (Session info: chrome=119.0.6045.123)
Stacktrace:
#0 0x55b236dbf533 &lt;unknown&gt;
#1 0x55b236a8c247 &lt;unknown&gt;
#2 0x55b236a60858 &lt;unknown&gt;
#3 0x55b236b0596f &lt;unknown&gt;
#4 0x55b236b1b336 &lt;unknown&gt;
#5 0x55b236afffb3 &lt;unknown&gt;
#6 0x55b236acb853 &lt;unknown&gt;
#7 0x55b236acc7fe &lt;unknown&gt;
#8 0x55b236d88aea &lt;unknown&gt;
#9 0x55b236d8d4b4 &lt;unknown&gt;
#10 0x55b236d76812 &lt;unknown&gt;
#11 0x55b236d8ded0 &lt;unknown&gt;
#12 0x55b236d5cbce &lt;unknown&gt;
#13 0x55b236dae318 &lt;unknown&gt;
#14 0x55b236dae50a &lt;unknown&gt;
#15 0x55b236dbe659 &lt;unknown&gt;
#16 0x7fc765694ac3 &lt;unknown&gt;
</status>
</test>
<test id="s1-t5" name="Register With Nonmatching Password And Password Confirmation" line="36">
<kw name="Input New Command And Create User" type="SETUP">
<kw name="Create User" library="AppLibrary">
<arg>heikki</arg>
<arg>heikki123</arg>
<status status="PASS" starttime="20231117 17:05:15.502" endtime="20231117 17:05:15.521"/>
</kw>
<kw name="Go To Registration Page" library="resource">
<kw name="Go To" library="SeleniumLibrary">
<arg>${REGISTER_URL}</arg>
<doc>Navigates the current browser window to the provided ``url``.</doc>
<msg timestamp="20231117 17:05:15.522" level="INFO">Opening url 'http://localhost:5001/register'</msg>
<msg timestamp="20231117 17:05:15.531" level="WARN">Keyword 'Capture Page Screenshot' could not be run on failure: Message: no such window: target window already closed
from unknown error: web view not found
  (Session info: chrome=119.0.6045.123)
Stacktrace:
#0 0x55b236dbf533 &lt;unknown&gt;
#1 0x55b236a8c247 &lt;unknown&gt;
#2 0x55b236a60858 &lt;unknown&gt;
#3 0x55b236b0596f &lt;unknown&gt;
#4 0x55b236b1b336 &lt;unknown&gt;
#5 0x55b236afffb3 &lt;unknown&gt;
#6 0x55b236acb853 &lt;unknown&gt;
#7 0x55b236acc7fe &lt;unknown&gt;
#8 0x55b236d88aea &lt;unknown&gt;
#9 0x55b236d8d4b4 &lt;unknown&gt;
#10 0x55b236d76812 &lt;unknown&gt;
#11 0x55b236d8ded0 &lt;unknown&gt;
#12 0x55b236d5cbce &lt;unknown&gt;
#13 0x55b236dae318 &lt;unknown&gt;
#14 0x55b236dae50a &lt;unknown&gt;
#15 0x55b236dbe659 &lt;unknown&gt;
#16 0x7fc765694ac3 &lt;unknown&gt;
</msg>
<msg timestamp="20231117 17:05:15.532" level="FAIL">NoSuchWindowException: Message: no such window: target window already closed
from unknown error: web view not found
  (Session info: chrome=119.0.6045.123)
Stacktrace:
#0 0x55b236dbf533 &lt;unknown&gt;
#1 0x55b236a8c247 &lt;unknown&gt;
#2 0x55b236a60858 &lt;unknown&gt;
#3 0x55b236b0596f &lt;unknown&gt;
#4 0x55b236b1b336 &lt;unknown&gt;
#5 0x55b236afffb3 &lt;unknown&gt;
#6 0x55b236acb853 &lt;unknown&gt;
#7 0x55b236acc7fe &lt;unknown&gt;
#8 0x55b236d88aea &lt;unknown&gt;
#9 0x55b236d8d4b4 &lt;unknown&gt;
#10 0x55b236d76812 &lt;unknown&gt;
#11 0x55b236d8ded0 &lt;unknown&gt;
#12 0x55b236d5cbce &lt;unknown&gt;
#13 0x55b236dae318 &lt;unknown&gt;
#14 0x55b236dae50a &lt;unknown&gt;
#15 0x55b236dbe659 &lt;unknown&gt;
#16 0x7fc765694ac3 &lt;unknown&gt;
</msg>
<status status="FAIL" starttime="20231117 17:05:15.522" endtime="20231117 17:05:15.532"/>
</kw>
<status status="FAIL" starttime="20231117 17:05:15.521" endtime="20231117 17:05:15.532"/>
</kw>
<kw name="Register Page Should Be Open" library="resource">
<status status="NOT RUN" starttime="20231117 17:05:15.533" endtime="20231117 17:05:15.533"/>
</kw>
<status status="FAIL" starttime="20231117 17:05:15.501" endtime="20231117 17:05:15.533"/>
</kw>
<status status="FAIL" starttime="20231117 17:05:15.500" endtime="20231117 17:05:15.534">Setup failed:
NoSuchWindowException: Message: no such window: target window already closed
from unknown error: web view not found
  (Session info: chrome=119.0.6045.123)
Stacktrace:
#0 0x55b236dbf533 &lt;unknown&gt;
#1 0x55b236a8c247 &lt;unknown&gt;
#2 0x55b236a60858 &lt;unknown&gt;
#3 0x55b236b0596f &lt;unknown&gt;
#4 0x55b236b1b336 &lt;unknown&gt;
#5 0x55b236afffb3 &lt;unknown&gt;
#6 0x55b236acb853 &lt;unknown&gt;
#7 0x55b236acc7fe &lt;unknown&gt;
#8 0x55b236d88aea &lt;unknown&gt;
#9 0x55b236d8d4b4 &lt;unknown&gt;
#10 0x55b236d76812 &lt;unknown&gt;
#11 0x55b236d8ded0 &lt;unknown&gt;
#12 0x55b236d5cbce &lt;unknown&gt;
#13 0x55b236dae318 &lt;unknown&gt;
#14 0x55b236dae50a &lt;unknown&gt;
#15 0x55b236dbe659 &lt;unknown&gt;
#16 0x7fc765694ac3 &lt;unknown&gt;
</status>
</test>
<test id="s1-t6" name="Login After Succesful Registration" line="43">
<kw name="Input New Command And Create User" type="SETUP">
<kw name="Create User" library="AppLibrary">
<arg>heikki</arg>
<arg>heikki123</arg>
<status status="PASS" starttime="20231117 17:05:15.536" endtime="20231117 17:05:15.552"/>
</kw>
<kw name="Go To Registration Page" library="resource">
<kw name="Go To" library="SeleniumLibrary">
<arg>${REGISTER_URL}</arg>
<doc>Navigates the current browser window to the provided ``url``.</doc>
<msg timestamp="20231117 17:05:15.554" level="INFO">Opening url 'http://localhost:5001/register'</msg>
<msg timestamp="20231117 17:05:15.566" level="WARN">Keyword 'Capture Page Screenshot' could not be run on failure: Message: no such window: target window already closed
from unknown error: web view not found
  (Session info: chrome=119.0.6045.123)
Stacktrace:
#0 0x55b236dbf533 &lt;unknown&gt;
#1 0x55b236a8c247 &lt;unknown&gt;
#2 0x55b236a60858 &lt;unknown&gt;
#3 0x55b236b0596f &lt;unknown&gt;
#4 0x55b236b1b336 &lt;unknown&gt;
#5 0x55b236afffb3 &lt;unknown&gt;
#6 0x55b236acb853 &lt;unknown&gt;
#7 0x55b236acc7fe &lt;unknown&gt;
#8 0x55b236d88aea &lt;unknown&gt;
#9 0x55b236d8d4b4 &lt;unknown&gt;
#10 0x55b236d76812 &lt;unknown&gt;
#11 0x55b236d8ded0 &lt;unknown&gt;
#12 0x55b236d5cbce &lt;unknown&gt;
#13 0x55b236dae318 &lt;unknown&gt;
#14 0x55b236dae50a &lt;unknown&gt;
#15 0x55b236dbe659 &lt;unknown&gt;
#16 0x7fc765694ac3 &lt;unknown&gt;
</msg>
<msg timestamp="20231117 17:05:15.566" level="FAIL">NoSuchWindowException: Message: no such window: target window already closed
from unknown error: web view not found
  (Session info: chrome=119.0.6045.123)
Stacktrace:
#0 0x55b236dbf533 &lt;unknown&gt;
#1 0x55b236a8c247 &lt;unknown&gt;
#2 0x55b236a60858 &lt;unknown&gt;
#3 0x55b236b0596f &lt;unknown&gt;
#4 0x55b236b1b336 &lt;unknown&gt;
#5 0x55b236afffb3 &lt;unknown&gt;
#6 0x55b236acb853 &lt;unknown&gt;
#7 0x55b236acc7fe &lt;unknown&gt;
#8 0x55b236d88aea &lt;unknown&gt;
#9 0x55b236d8d4b4 &lt;unknown&gt;
#10 0x55b236d76812 &lt;unknown&gt;
#11 0x55b236d8ded0 &lt;unknown&gt;
#12 0x55b236d5cbce &lt;unknown&gt;
#13 0x55b236dae318 &lt;unknown&gt;
#14 0x55b236dae50a &lt;unknown&gt;
#15 0x55b236dbe659 &lt;unknown&gt;
#16 0x7fc765694ac3 &lt;unknown&gt;
</msg>
<status status="FAIL" starttime="20231117 17:05:15.553" endtime="20231117 17:05:15.567"/>
</kw>
<status status="FAIL" starttime="20231117 17:05:15.553" endtime="20231117 17:05:15.567"/>
</kw>
<kw name="Register Page Should Be Open" library="resource">
<status status="NOT RUN" starttime="20231117 17:05:15.568" endtime="20231117 17:05:15.568"/>
</kw>
<status status="FAIL" starttime="20231117 17:05:15.536" endtime="20231117 17:05:15.568"/>
</kw>
<status status="FAIL" starttime="20231117 17:05:15.535" endtime="20231117 17:05:15.569">Setup failed:
NoSuchWindowException: Message: no such window: target window already closed
from unknown error: web view not found
  (Session info: chrome=119.0.6045.123)
Stacktrace:
#0 0x55b236dbf533 &lt;unknown&gt;
#1 0x55b236a8c247 &lt;unknown&gt;
#2 0x55b236a60858 &lt;unknown&gt;
#3 0x55b236b0596f &lt;unknown&gt;
#4 0x55b236b1b336 &lt;unknown&gt;
#5 0x55b236afffb3 &lt;unknown&gt;
#6 0x55b236acb853 &lt;unknown&gt;
#7 0x55b236acc7fe &lt;unknown&gt;
#8 0x55b236d88aea &lt;unknown&gt;
#9 0x55b236d8d4b4 &lt;unknown&gt;
#10 0x55b236d76812 &lt;unknown&gt;
#11 0x55b236d8ded0 &lt;unknown&gt;
#12 0x55b236d5cbce &lt;unknown&gt;
#13 0x55b236dae318 &lt;unknown&gt;
#14 0x55b236dae50a &lt;unknown&gt;
#15 0x55b236dbe659 &lt;unknown&gt;
#16 0x7fc765694ac3 &lt;unknown&gt;
</status>
</test>
<kw name="Close Browser" library="SeleniumLibrary" type="TEARDOWN">
<doc>Closes the current browser.</doc>
<status status="PASS" starttime="20231117 17:05:15.571" endtime="20231117 17:05:15.731"/>
</kw>
<status status="FAIL" starttime="20231117 17:05:06.275" endtime="20231117 17:05:15.731"/>
</suite>
<statistics>
<total>
<stat pass="3" fail="3" skip="0">All Tests</stat>
</total>
<tag>
</tag>
<suite>
<stat pass="3" fail="3" skip="0" id="s1" name="Register">Register</stat>
</suite>
</statistics>
<errors>
<msg timestamp="20231117 17:05:15.492" level="WARN">Keyword 'Capture Page Screenshot' could not be run on failure: Message: no such window: target window already closed
from unknown error: web view not found
  (Session info: chrome=119.0.6045.123)
Stacktrace:
#0 0x55b236dbf533 &lt;unknown&gt;
#1 0x55b236a8c247 &lt;unknown&gt;
#2 0x55b236a60858 &lt;unknown&gt;
#3 0x55b236b0596f &lt;unknown&gt;
#4 0x55b236b1b336 &lt;unknown&gt;
#5 0x55b236afffb3 &lt;unknown&gt;
#6 0x55b236acb853 &lt;unknown&gt;
#7 0x55b236acc7fe &lt;unknown&gt;
#8 0x55b236d88aea &lt;unknown&gt;
#9 0x55b236d8d4b4 &lt;unknown&gt;
#10 0x55b236d76812 &lt;unknown&gt;
#11 0x55b236d8ded0 &lt;unknown&gt;
#12 0x55b236d5cbce &lt;unknown&gt;
#13 0x55b236dae318 &lt;unknown&gt;
#14 0x55b236dae50a &lt;unknown&gt;
#15 0x55b236dbe659 &lt;unknown&gt;
#16 0x7fc765694ac3 &lt;unknown&gt;
</msg>
<msg timestamp="20231117 17:05:15.531" level="WARN">Keyword 'Capture Page Screenshot' could not be run on failure: Message: no such window: target window already closed
from unknown error: web view not found
  (Session info: chrome=119.0.6045.123)
Stacktrace:
#0 0x55b236dbf533 &lt;unknown&gt;
#1 0x55b236a8c247 &lt;unknown&gt;
#2 0x55b236a60858 &lt;unknown&gt;
#3 0x55b236b0596f &lt;unknown&gt;
#4 0x55b236b1b336 &lt;unknown&gt;
#5 0x55b236afffb3 &lt;unknown&gt;
#6 0x55b236acb853 &lt;unknown&gt;
#7 0x55b236acc7fe &lt;unknown&gt;
#8 0x55b236d88aea &lt;unknown&gt;
#9 0x55b236d8d4b4 &lt;unknown&gt;
#10 0x55b236d76812 &lt;unknown&gt;
#11 0x55b236d8ded0 &lt;unknown&gt;
#12 0x55b236d5cbce &lt;unknown&gt;
#13 0x55b236dae318 &lt;unknown&gt;
#14 0x55b236dae50a &lt;unknown&gt;
#15 0x55b236dbe659 &lt;unknown&gt;
#16 0x7fc765694ac3 &lt;unknown&gt;
</msg>
<msg timestamp="20231117 17:05:15.566" level="WARN">Keyword 'Capture Page Screenshot' could not be run on failure: Message: no such window: target window already closed
from unknown error: web view not found
  (Session info: chrome=119.0.6045.123)
Stacktrace:
#0 0x55b236dbf533 &lt;unknown&gt;
#1 0x55b236a8c247 &lt;unknown&gt;
#2 0x55b236a60858 &lt;unknown&gt;
#3 0x55b236b0596f &lt;unknown&gt;
#4 0x55b236b1b336 &lt;unknown&gt;
#5 0x55b236afffb3 &lt;unknown&gt;
#6 0x55b236acb853 &lt;unknown&gt;
#7 0x55b236acc7fe &lt;unknown&gt;
#8 0x55b236d88aea &lt;unknown&gt;
#9 0x55b236d8d4b4 &lt;unknown&gt;
#10 0x55b236d76812 &lt;unknown&gt;
#11 0x55b236d8ded0 &lt;unknown&gt;
#12 0x55b236d5cbce &lt;unknown&gt;
#13 0x55b236dae318 &lt;unknown&gt;
#14 0x55b236dae50a &lt;unknown&gt;
#15 0x55b236dbe659 &lt;unknown&gt;
#16 0x7fc765694ac3 &lt;unknown&gt;
</msg>
</errors>
</robot>
